<?xml version="1.0" encoding="UTF-8"?>
<!-- Generated by org.testng.reporters.JUnitXMLReporter -->
<testsuite ignored="2" hostname="LAPTOP-6FVB8HKS" failures="0" tests="1" name="groupingtest" time="0.05" errors="0" timestamp="2023-10-08T23:03:06 EDT">
  <testcase classname="Actions_class.TestNG_Dependence" name="drived" time="0.013"/>
  <testcase classname="Actions_class.TestNG_Dependence" name="startcar" time="0.0">
    <ignored/>
  </testcase> <!-- startcar -->
  <testcase classname="Actions_class.TestNG_Dependence" name="stop" time="0.0">
    <ignored/>
  </testcase> <!-- stop -->
</testsuite> <!-- groupingtest -->
