<?xml version="1.0" encoding="UTF-8"?>
<!-- Generated by org.testng.reporters.JUnitXMLReporter -->
<testsuite ignored="0" hostname="LAPTOP-6FVB8HKS" failures="1" tests="2" name="lunch" time="5.515" errors="0" timestamp="2023-10-08T23:57:25 EDT">
  <testcase classname="Hari_Class.Hariclass" name="browser" time="0.011">
    <failure type="java.lang.NullPointerException" message="Cannot invoke &amp;quot;org.openqa.selenium.WebDriver.manage()&amp;quot; because &amp;quot;this.driver&amp;quot; is null">
      <![CDATA[java.lang.NullPointerException: Cannot invoke "org.openqa.selenium.WebDriver.manage()" because "this.driver" is null
at Hari_Class.Hariclass.browser(Hariclass.java:38)
at java.base/java.util.ArrayList.forEach(ArrayList.java:1511)
... Removed 25 stack frames]]>
    </failure>
  </testcase> <!-- browser -->
  <testcase classname="Hari_Class.Hariclass" name="start" time="5.454"/>
</testsuite> <!-- lunch -->
