<?xml version="1.0" encoding="UTF-8"?>
<!-- Generated by org.testng.reporters.JUnitXMLReporter -->
<testsuite ignored="1" hostname="LAPTOP-6FVB8HKS" failures="0" tests="3" name="Test Basics 1" time="0.054" errors="0" timestamp="2023-10-02T11:10:13 EDT">
  <testcase classname="Actions_class.Practicetest" name="SecondTest" time="0.007"/>
  <testcase classname="Actions_class.Practicetest" name="ThirdTest" time="0.002"/>
  <testcase classname="Actions_class.Practicetest" name="test" time="0.002"/>
  <testcase classname="Actions_class.Practicetest" name="test5" time="0.0">
    <ignored/>
  </testcase> <!-- test5 -->
</testsuite> <!-- Test Basics 1 -->
